{
  "RSpec": {
    "coverage": {
      "/usr/src/app/app/controllers/application_controller.rb": {
        "lines": [
          null,
          null,
          1,
          1,
          1,
          null,
          1,
          8,
          null,
          null
        ]
      },
      "/usr/src/app/app/controllers/concerns/error_handler.rb": {
        "lines": [
          null,
          null,
          1,
          1,
          null,
          1,
          23,
          null,
          null,
          1,
          5,
          null,
          null,
          null,
          null,
          null,
          1,
          4,
          null,
          4,
          null,
          null,
          1,
          1,
          null,
          null,
          null,
          null,
          null,
          1,
          null,
          1,
          22,
          22,
          null,
          22,
          null,
          null,
          1,
          null,
          22,
          null,
          null,
          null,
          null
        ]
      },
      "/usr/src/app/app/controllers/concerns/serializable.rb": {
        "lines": [
          null,
          null,
          1,
          1,
          null,
          1,
          5,
          null,
          null
        ]
      },
      "/usr/src/app/app/controllers/concerns/tickets/filters.rb": {
        "lines": [
          null,
          null,
          1,
          1,
          null,
          1,
          1,
          null,
          1,
          11,
          null,
          null,
          1,
          8,
          null,
          null,
          1,
          8,
          null,
          null,
          1,
          9,
          null,
          null,
          1,
          10,
          1,
          null,
          null,
          null,
          null
        ]
      },
      "/usr/src/app/app/controllers/concerns/tickets/error.rb": {
        "lines": [
          null,
          null,
          1,
          1,
          1,
          1,
          1,
          1,
          1,
          null,
          null
        ]
      },
      "/usr/src/app/app/controllers/v1/tickets_controller.rb": {
        "lines": [
          null,
          null,
          1,
          1,
          1,
          null,
          1,
          1,
          1,
          null,
          1,
          1,
          1,
          1,
          1,
          null,
          1,
          8,
          3,
          null,
          null,
          1,
          3,
          3,
          null,
          null,
          1,
          3,
          3,
          null,
          null,
          1,
          4,
          null,
          null,
          null,
          4,
          null,
          null,
          1,
          null,
          1,
          8,
          null,
          null,
          1,
          20,
          null,
          null,
          1,
          4,
          null,
          null,
          null
        ]
      },
      "/usr/src/app/app/controllers/concerns/tickets/error_handler.rb": {
        "lines": [
          null,
          null,
          1,
          1,
          1,
          null,
          1,
          3,
          null,
          null,
          null,
          null,
          null,
          1,
          3,
          null,
          null,
          null,
          null,
          null,
          1,
          3,
          null,
          null,
          null,
          null,
          null,
          1,
          0,
          null,
          null,
          null,
          null,
          null,
          1,
          3,
          null,
          null,
          null,
          null,
          null,
          null,
          null,
          1,
          null,
          1,
          22,
          null,
          null,
          null,
          null,
          null,
          null,
          null,
          null,
          null
        ]
      },
      "/usr/src/app/app/models/concerns/code_generator.rb": {
        "lines": [
          null,
          null,
          1,
          1,
          null,
          1,
          40,
          null,
          null,
          1,
          null,
          1,
          40,
          null,
          null
        ]
      },
      "/usr/src/app/app/models/concerns/paginatable.rb": {
        "lines": [
          null,
          null,
          1,
          1,
          null,
          1,
          1,
          10,
          null,
          null,
          null
        ]
      },
      "/usr/src/app/app/models/concerns/plate_validator.rb": {
        "lines": [
          null,
          null,
          1,
          1,
          null,
          1,
          74,
          null,
          null,
          1,
          63,
          9,
          null,
          null,
          null,
          1,
          null,
          1,
          9,
          null,
          null
        ]
      },
      "/usr/src/app/app/models/concerns/reservation.rb": {
        "lines": [
          null,
          null,
          1,
          1,
          null,
          1,
          9,
          null,
          null,
          1,
          16,
          16,
          null,
          null,
          1,
          25,
          null,
          null,
          1,
          null,
          1,
          20,
          20,
          20,
          null,
          20,
          null,
          null,
          1,
          20,
          null,
          null,
          1,
          20,
          null,
          null
        ]
      },
      "/usr/src/app/app/models/ticket.rb": {
        "lines": [
          null,
          null,
          1,
          1,
          1,
          1,
          null,
          1,
          null,
          1,
          1,
          1,
          null,
          1,
          null
        ]
      },
      "/usr/src/app/app/models/application_record.rb": {
        "lines": [
          null,
          null,
          1,
          1,
          null
        ]
      },
      "/usr/src/app/app/serializers/collection_serializer.rb": {
        "lines": [
          null,
          null,
          1,
          1,
          null,
          1,
          7,
          7,
          null,
          null,
          1,
          null,
          5,
          null,
          null,
          null,
          null,
          null,
          null,
          1,
          null,
          1,
          5,
          null,
          null,
          null,
          null
        ]
      },
      "/usr/src/app/app/serializers/error_serializer.rb": {
        "lines": [
          null,
          null,
          1,
          1,
          null,
          1,
          6,
          null,
          null,
          1,
          6,
          16,
          null,
          null,
          null
        ]
      },
      "/usr/src/app/app/serializers/application_serializer.rb": {
        "lines": [
          null,
          null,
          1,
          null
        ]
      },
      "/usr/src/app/app/serializers/v1/ticket_serializer.rb": {
        "lines": [
          null,
          null,
          1,
          1,
          1,
          null,
          1,
          12,
          null,
          null,
          1,
          12,
          null,
          null,
          1,
          12,
          null,
          null,
          null
        ]
      },
      "/usr/src/app/app/jobs/application_job.rb": {
        "lines": [
          null,
          null,
          0,
          null,
          null,
          null,
          null,
          null,
          0
        ],
        "branches": {
        }
      }
    },
    "timestamp": 1591513840
  }
}
